Determining if the pthread_create exist failed with the following output:
Change Dir: /home/martinpc/PycharmProjects/TIAGo-hamr-navigation/movebasepub/build/costmap_converter_publisher/CMakeFiles/CMakeTmp

Run Build Command:"/usr/bin/make" "cmTC_2964e/fast"
/usr/bin/make -f CMakeFiles/cmTC_2964e.dir/build.make CMakeFiles/cmTC_2964e.dir/build
make[1]: Entering directory '/home/martinpc/PycharmProjects/TIAGo-hamr-navigation/movebasepub/build/costmap_converter_publisher/CMakeFiles/CMakeTmp'
Building C object CMakeFiles/cmTC_2964e.dir/CheckSymbolExists.c.o
/usr/bin/cc     -o CMakeFiles/cmTC_2964e.dir/CheckSymbolExists.c.o   -c /home/martinpc/PycharmProjects/TIAGo-hamr-navigation/movebasepub/build/costmap_converter_publisher/CMakeFiles/CMakeTmp/CheckSymbolExists.c
Linking C executable cmTC_2964e
/usr/bin/cmake -E cmake_link_script CMakeFiles/cmTC_2964e.dir/link.txt --verbose=1
/usr/bin/cc       CMakeFiles/cmTC_2964e.dir/CheckSymbolExists.c.o  -o cmTC_2964e -rdynamic 
CMakeFiles/cmTC_2964e.dir/CheckSymbolExists.c.o: In function `main':
CheckSymbolExists.c:(.text+0x16): undefined reference to `pthread_create'
collect2: error: ld returned 1 exit status
CMakeFiles/cmTC_2964e.dir/build.make:97: recipe for target 'cmTC_2964e' failed
make[1]: *** [cmTC_2964e] Error 1
make[1]: Leaving directory '/home/martinpc/PycharmProjects/TIAGo-hamr-navigation/movebasepub/build/costmap_converter_publisher/CMakeFiles/CMakeTmp'
Makefile:126: recipe for target 'cmTC_2964e/fast' failed
make: *** [cmTC_2964e/fast] Error 2

File /home/martinpc/PycharmProjects/TIAGo-hamr-navigation/movebasepub/build/costmap_converter_publisher/CMakeFiles/CMakeTmp/CheckSymbolExists.c:
/* */
#include <pthread.h>

int main(int argc, char** argv)
{
  (void)argv;
#ifndef pthread_create
  return ((int*)(&pthread_create))[argc];
#else
  (void)argc;
  return 0;
#endif
}

Determining if the function pthread_create exists in the pthreads failed with the following output:
Change Dir: /home/martinpc/PycharmProjects/TIAGo-hamr-navigation/movebasepub/build/costmap_converter_publisher/CMakeFiles/CMakeTmp

Run Build Command:"/usr/bin/make" "cmTC_5c2f6/fast"
/usr/bin/make -f CMakeFiles/cmTC_5c2f6.dir/build.make CMakeFiles/cmTC_5c2f6.dir/build
make[1]: Entering directory '/home/martinpc/PycharmProjects/TIAGo-hamr-navigation/movebasepub/build/costmap_converter_publisher/CMakeFiles/CMakeTmp'
Building C object CMakeFiles/cmTC_5c2f6.dir/CheckFunctionExists.c.o
/usr/bin/cc    -DCHECK_FUNCTION_EXISTS=pthread_create   -o CMakeFiles/cmTC_5c2f6.dir/CheckFunctionExists.c.o   -c /usr/share/cmake-3.5/Modules/CheckFunctionExists.c
Linking C executable cmTC_5c2f6
/usr/bin/cmake -E cmake_link_script CMakeFiles/cmTC_5c2f6.dir/link.txt --verbose=1
/usr/bin/cc   -DCHECK_FUNCTION_EXISTS=pthread_create    CMakeFiles/cmTC_5c2f6.dir/CheckFunctionExists.c.o  -o cmTC_5c2f6 -rdynamic -lpthreads 
/usr/bin/ld: cannot find -lpthreads
collect2: error: ld returned 1 exit status
CMakeFiles/cmTC_5c2f6.dir/build.make:97: recipe for target 'cmTC_5c2f6' failed
make[1]: *** [cmTC_5c2f6] Error 1
make[1]: Leaving directory '/home/martinpc/PycharmProjects/TIAGo-hamr-navigation/movebasepub/build/costmap_converter_publisher/CMakeFiles/CMakeTmp'
Makefile:126: recipe for target 'cmTC_5c2f6/fast' failed
make: *** [cmTC_5c2f6/fast] Error 2


